Traceback (most recent call last):
  File "/opt/hostedtoolcache/Python/3.10.17/x64/lib/python3.10/site-packages/jupyter_core/utils/__init__.py", line 154, in wrapped
    asyncio.get_running_loop()
RuntimeError: no running event loop

During handling of the above exception, another exception occurred:

Traceback (most recent call last):
  File "/opt/hostedtoolcache/Python/3.10.17/x64/lib/python3.10/site-packages/jupyter_cache/executors/utils.py", line 58, in single_nb_execution
    executenb(
  File "/opt/hostedtoolcache/Python/3.10.17/x64/lib/python3.10/site-packages/nbclient/client.py", line 1319, in execute
    return NotebookClient(nb=nb, resources=resources, km=km, **kwargs).execute()
  File "/opt/hostedtoolcache/Python/3.10.17/x64/lib/python3.10/site-packages/jupyter_core/utils/__init__.py", line 158, in wrapped
    return loop.run_until_complete(inner)
  File "/opt/hostedtoolcache/Python/3.10.17/x64/lib/python3.10/asyncio/base_events.py", line 649, in run_until_complete
    return future.result()
  File "/opt/hostedtoolcache/Python/3.10.17/x64/lib/python3.10/site-packages/nbclient/client.py", line 709, in async_execute
    await self.async_execute_cell(
  File "/opt/hostedtoolcache/Python/3.10.17/x64/lib/python3.10/site-packages/nbclient/client.py", line 1062, in async_execute_cell
    await self._check_raise_for_error(cell, cell_index, exec_reply)
  File "/opt/hostedtoolcache/Python/3.10.17/x64/lib/python3.10/site-packages/nbclient/client.py", line 918, in _check_raise_for_error
    raise CellExecutionError.from_cell_and_msg(cell, exec_reply_content)
nbclient.exceptions.CellExecutionError: An error occurred while executing the following cell:
------------------
from pathlib import Path

import torchmetrics
from torch.nn import CrossEntropyLoss
from torch.optim import Adam


def train_loop_torch(num_epochs: int = 2, batch_size: int = 128, local_path: str = "./checkpoints"):
    # Model, Loss, Optimizer
    loss_function = CrossEntropyLoss()
    model = load_model_torch()  # Later
    optimizer = Adam(model.parameters(), lr=1e-5)

    # Initialize the metric 
    acc = torchmetrics.Accuracy(task="multiclass", num_classes=10).to("cuda")

    # Load the data loader
    data_loader = build_data_loader_torch(batch_size=batch_size)  # Later

    # Training loop
    for epoch in range(num_epochs):
        for images, labels in data_loader:
            # Move the data to the GPU
            images, labels = images.to("cuda"), labels.to("cuda")

            # Forward pass
            outputs = model(images)

            # Compute the loss
            loss = loss_function(outputs, labels)
            
            # Backward pass
            optimizer.zero_grad()
            loss.backward()

            # Update the weights
            optimizer.step()

            # Update the metric
            acc(outputs, labels)
        
        # Report the metrics
        metrics = report_metrics_torch(loss=loss, accuracy=acc.compute(), epoch=epoch)  # Later
        
        # Reset the metric
        acc.reset()

        # Save the checkpoint and metrics
        Path(local_path).mkdir(parents=True, exist_ok=True)
        save_checkpoint_and_metrics_torch(metrics=metrics, model=model, local_path=local_path)  # Later

------------------


[0;31m---------------------------------------------------------------------------[0m
[0;31mModuleNotFoundError[0m                       Traceback (most recent call last)
Cell [0;32mIn[1], line 3[0m
[1;32m      1[0m [38;5;28;01mfrom[39;00m[38;5;250m [39m[38;5;21;01mpathlib[39;00m[38;5;250m [39m[38;5;28;01mimport[39;00m Path
[0;32m----> 3[0m [38;5;28;01mimport[39;00m[38;5;250m [39m[38;5;21;01mtorchmetrics[39;00m
[1;32m      4[0m [38;5;28;01mfrom[39;00m[38;5;250m [39m[38;5;21;01mtorch[39;00m[38;5;21;01m.[39;00m[38;5;21;01mnn[39;00m[38;5;250m [39m[38;5;28;01mimport[39;00m CrossEntropyLoss
[1;32m      5[0m [38;5;28;01mfrom[39;00m[38;5;250m [39m[38;5;21;01mtorch[39;00m[38;5;21;01m.[39;00m[38;5;21;01moptim[39;00m[38;5;250m [39m[38;5;28;01mimport[39;00m Adam

[0;31mModuleNotFoundError[0m: No module named 'torchmetrics'

